[35m[Appium][39m Welcome to Appium v1.20.2
[35m[Appium][39m Non-default server args:
[35m[Appium][39m   port: 62954
[35m[Appium][39m   loglevel: info
[35m[Appium][39m   tmpDir: /var/folders/qn/ggdngn0558qgmgmhwjnl6yfw0000gq/T//Katalon/Appium/Temp1619174418579
[35m[Appium][39m   chromedriverPort: 62955
[35m[Appium][39m Deprecated server args:
[35m[Appium][39m   [31m--chromedriver-port[39m => --default-capabilities
[35m[Appium][39m Default capabilities, which will be added to each request unless overridden by desired capabilities:
[35m[Appium][39m   chromedriverPort: 62955
[35m[Appium][39m Appium REST http interface listener started on 0.0.0.0:62954
[35m[HTTP][39m [37m-->[39m [37mGET[39m [37m/wd/hub/status[39m
[35m[HTTP][39m [90m{}[39m
[35m[HTTP][39m [37m<-- GET /wd/hub/status [39m[32m200[39m [90m9 ms - 68[39m
[35m[HTTP][39m [90m[39m
[35m[HTTP][39m [37m-->[39m [37mGET[39m [37m/wd/hub/status[39m
[35m[HTTP][39m [90m{}[39m
[35m[HTTP][39m [37m<-- GET /wd/hub/status [39m[32m200[39m [90m11 ms - 68[39m
[35m[HTTP][39m [90m[39m
[35m[HTTP][39m [37m-->[39m [37mPOST[39m [37m/wd/hub/session[39m
[35m[HTTP][39m [90m{"desiredCapabilities":{"app":"/Users/nikunjahuja/Downloads/app-staging-April-15-2021.apk","noReset":true,"deviceName":"OnePlus ONEPLUS A5000 (Android 10)","fullReset":false,"platform":"ANDROID","newCommandTimeout":1800,"platformVersion":"10","automationName":"uiautomator2","autoGrantPermissions":true,"platformName":"Android","udid":"bc2104d9","systemPort":62976},"capabilities":{"firstMatch":[{"appium:app":"/Users/nikunjahuja/Downloads/app-staging-April-15-2021.apk","appium:autoGrantPermissions":true,"appium:automationName":"uiautomator2","appium:deviceName":"OnePlus ONEPLUS A5000 (Android 10)","appium:fullReset":false,"appium:newCommandTimeout":1800,"appium:noReset":true,"platform":"ANDROID","platformName":"android","appium:platformVersion":"10","appium:systemPort":62976,"appium:udid":"bc2104d9"}]}}[39m
[35m[BaseDriver][39m The following capabilities are not standard capabilities and should have an extension prefix:
[35m[BaseDriver][39m   platform
[35m[BaseDriver][39m   chromedriverPort
[35m[Appium][39m Appium v1.20.2 creating new AndroidUiautomator2Driver (v1.61.2) session
[35m[BaseDriver][39m The following capabilities were provided, but are not recognized by Appium:
[35m[BaseDriver][39m   platform
[35m[BaseDriver][39m Session created with session id: 60b247bb-b3aa-4725-9164-5284cd8b4715
[35m[BaseDriver][39m Using local app '/Users/nikunjahuja/Downloads/app-staging-April-15-2021.apk'
[35m[ADB][39m Found 1 'build-tools' folders under '/Users/nikunjahuja/.katalon/tools/android_sdk' (newest first):
[35m[ADB][39m     /Users/nikunjahuja/.katalon/tools/android_sdk/build-tools/29.0.3
[35m[ADB][39m Using 'adb' from '/Users/nikunjahuja/.katalon/tools/android_sdk/platform-tools/adb'
[35m[AndroidDriver][39m Retrieving device list
[35m[AndroidDriver][39m Using device: bc2104d9
[35m[ADB][39m Using 'adb' from '/Users/nikunjahuja/.katalon/tools/android_sdk/platform-tools/adb'
[35m[ADB][39m Getting device platform version
[35m[UiAutomator2][39m Relaxing hidden api policy
[35m[ADB][39m Package name: 'com.pocketpills.staging'
[35m[ADB][39m Main activity name: 'com.pocketpills.MainActivity'
[35m[ADB][39m The application at '/usr/local/lib/node_modules/appium/node_modules/io.appium.settings/apks/settings_apk-debug.apk' will not be cached, because the device under test has confirmed the support of streamed installs
[35m[ADB][39m The installation of 'settings_apk-debug.apk' took 3403ms
[35m[ADB][39m Using 'apksigner.jar' from '/Users/nikunjahuja/.katalon/tools/android_sdk/build-tools/29.0.3/lib/apksigner.jar'
[35m[ADB][39m '/usr/local/lib/node_modules/appium/node_modules/appium-uiautomator2-server/apks/appium-uiautomator2-server-v4.17.4.apk' is signed with the default certificate
[35m[ADB][39m '/usr/local/lib/node_modules/appium/node_modules/appium-uiautomator2-server/apks/appium-uiautomator2-server-debug-androidTest.apk' is signed with the default certificate
[35m[UiAutomator2][39m Server packages are going to be (re)installed
[35m[ADB][39m The application at '/usr/local/lib/node_modules/appium/node_modules/appium-uiautomator2-server/apks/appium-uiautomator2-server-v4.17.4.apk' will not be cached, because the device under test has confirmed the support of streamed installs
[35m[ADB][39m The installation of 'appium-uiautomator2-server-v4.17.4.apk' took 3005ms
[35m[ADB][39m The application at '/usr/local/lib/node_modules/appium/node_modules/appium-uiautomator2-server/apks/appium-uiautomator2-server-debug-androidTest.apk' will not be cached, because the device under test has confirmed the support of streamed installs
[35m[ADB][39m The installation of 'appium-uiautomator2-server-debug-androidTest.apk' took 2743ms
[35m[ADB][39m Adding packages ["io.appium.settings","io.appium.uiautomator2.server","io.appium.uiautomator2.server.test"] to Doze whitelist
[35m[ADB][39m '/Users/nikunjahuja/Downloads/app-staging-April-15-2021.apk' is signed with a non-default certificate
[35m[UiAutomator2][39m Starting UIAutomator2 server 4.17.4
[35m[UiAutomator2][39m Using UIAutomator2 server from '/usr/local/lib/node_modules/appium/node_modules/appium-uiautomator2-server/apks/appium-uiautomator2-server-v4.17.4.apk' and test from '/usr/local/lib/node_modules/appium/node_modules/appium-uiautomator2-server/apks/appium-uiautomator2-server-debug-androidTest.apk'
[35m[UiAutomator2][39m Waiting up to 30000ms for UiAutomator2 to be online...
[35m[WD Proxy][39m socket hang up
[35m[WD Proxy][39m socket hang up
[35m[WD Proxy][39m socket hang up
[35m[WD Proxy][39m Determined the downstream protocol as 'W3C'
[35m[AndroidDriver][39m Screen already unlocked, doing nothing
[35m[UiAutomator2][39m Starting 'com.pocketpills.staging/com.pocketpills.MainActivity and waiting for 'com.pocketpills.staging/com.pocketpills.MainActivity'
[35m[Appium][39m New AndroidUiautomator2Driver session created successfully, session 60b247bb-b3aa-4725-9164-5284cd8b4715 added to master session list
[35m[HTTP][39m [37m<-- POST /wd/hub/session [39m[32m200[39m [90m29428 ms - 1273[39m
[35m[HTTP][39m [90m[39m
[35m[HTTP][39m [37m-->[39m [37mGET[39m [37m/wd/hub/session/60b247bb-b3aa-4725-9164-5284cd8b4715[39m
[35m[HTTP][39m [90m{}[39m
[35m[HTTP][39m [37m<-- GET /wd/hub/session/60b247bb-b3aa-4725-9164-5284cd8b4715 [39m[32m200[39m [90m18 ms - 1227[39m
[35m[HTTP][39m [90m[39m
[35m[HTTP][39m [37m-->[39m [37mGET[39m [37m/wd/hub/session/60b247bb-b3aa-4725-9164-5284cd8b4715[39m
[35m[HTTP][39m [90m{}[39m
[35m[HTTP][39m [37m<-- GET /wd/hub/session/60b247bb-b3aa-4725-9164-5284cd8b4715 [39m[32m200[39m [90m36 ms - 1227[39m
[35m[HTTP][39m [90m[39m
[35m[HTTP][39m [37m-->[39m [37mGET[39m [37m/wd/hub/status[39m
[35m[HTTP][39m [90m{}[39m
[35m[HTTP][39m [37m<-- GET /wd/hub/status [39m[32m200[39m [90m2 ms - 68[39m
[35m[HTTP][39m [90m[39m
[35m[HTTP][39m [37m-->[39m [37mPOST[39m [37m/wd/hub/session/60b247bb-b3aa-4725-9164-5284cd8b4715/timeouts[39m
[35m[HTTP][39m [90m{"implicit":60000}[39m
[35m[HTTP][39m [37m<-- POST /wd/hub/session/60b247bb-b3aa-4725-9164-5284cd8b4715/timeouts [39m[32m200[39m [90m4 ms - 14[39m
[35m[HTTP][39m [90m[39m
[35m[HTTP][39m [37m-->[39m [37mGET[39m [37m/wd/hub/session/60b247bb-b3aa-4725-9164-5284cd8b4715/source[39m
[35m[HTTP][39m [90m{}[39m
[35m[W3C (60b247bb)][39m Driver proxy active, passing request on via HTTP proxy
[35m[WD Proxy][39m Replacing sessionId 48dc1b0c-2a62-40a8-93f3-8f3ba946c6cd with 60b247bb-b3aa-4725-9164-5284cd8b4715
[35m[HTTP][39m [37m<-- GET /wd/hub/session/60b247bb-b3aa-4725-9164-5284cd8b4715/source [39m[32m200[39m [90m1452 ms - 4957[39m
[35m[HTTP][39m [90m[39m
[35m[HTTP][39m [37m-->[39m [37mGET[39m [37m/wd/hub/session/60b247bb-b3aa-4725-9164-5284cd8b4715/screenshot[39m
[35m[HTTP][39m [90m{}[39m
[35m[HTTP][39m [37m<-- GET /wd/hub/session/60b247bb-b3aa-4725-9164-5284cd8b4715/screenshot [39m[32m200[39m [90m566 ms - 185694[39m
[35m[HTTP][39m [90m[39m
[35m[HTTP][39m [37m-->[39m [37mDELETE[39m [37m/wd/hub/session/60b247bb-b3aa-4725-9164-5284cd8b4715[39m
[35m[HTTP][39m [90m{}[39m
[35m[Appium][39m Removing session 60b247bb-b3aa-4725-9164-5284cd8b4715 from our master session list
[35m[UiAutomator2][39m Restoring hidden api policy to the device default configuration
[35m[HTTP][39m [37m<-- DELETE /wd/hub/session/60b247bb-b3aa-4725-9164-5284cd8b4715 [39m[32m200[39m [90m445 ms - 14[39m
[35m[HTTP][39m [90m[39m
